\BOOKMARK [0][-]{chapter.1}{Model matematyczny}{}% 1
\BOOKMARK [1][-]{section.1.1}{Sterowanie Ackermana}{chapter.1}% 2
\BOOKMARK [1][-]{section.1.2}{Kinematyka prosta}{chapter.1}% 3
\BOOKMARK [1][-]{section.1.3}{Kinematyka odwrotna}{chapter.1}% 4
\BOOKMARK [1][-]{section.1.4}{Reprezentacja pojazdu autonomicznego EVE}{chapter.1}% 5
\BOOKMARK [0][-]{chapter.2}{Implementacja}{}% 6
\BOOKMARK [1][-]{section.2.1}{Kinematyka prosta}{chapter.2}% 7
\BOOKMARK [1][-]{section.2.2}{Kinematyka odwrotna}{chapter.2}% 8
\BOOKMARK [1][-]{section.2.3}{Funkcje pomocnicze}{chapter.2}% 9
\BOOKMARK [2][-]{subsection.2.3.1}{Macierz rotacji i translacji}{section.2.3}% 10
\BOOKMARK [2][-]{subsection.2.3.2}{Tworzenie pojazdu autonomicznego macierzy EVE}{section.2.3}% 11
\BOOKMARK [2][-]{subsection.2.3.3}{Iloczyn skalarny, wektorowy, d\233ugosc wektora, kat miedzy wektorami}{section.2.3}% 12
\BOOKMARK [2][-]{subsection.2.3.4}{Wyznaczenie srodka okregu}{section.2.3}% 13
\BOOKMARK [0][-]{chapter.3}{Testy}{}% 14
\BOOKMARK [1][-]{section.3.1}{Kinematyka Prosta}{chapter.3}% 15
\BOOKMARK [2][-]{subsection.3.1.1}{Sinusoida}{section.3.1}% 16
\BOOKMARK [2][-]{subsection.3.1.2}{Skok zadany, dodatni}{section.3.1}% 17
\BOOKMARK [2][-]{subsection.3.1.3}{Skok zadany, ujemny}{section.3.1}% 18
\BOOKMARK [2][-]{subsection.3.1.4}{Proces gaussowski}{section.3.1}% 19
\BOOKMARK [2][-]{subsection.3.1.5}{Wartosci losowe dodatnie}{section.3.1}% 20
\BOOKMARK [2][-]{subsection.3.1.6}{Wartosci losowe ujemne}{section.3.1}% 21
\BOOKMARK [2][-]{subsection.3.1.7}{Wartosci losowe}{section.3.1}% 22
\BOOKMARK [2][-]{subsection.3.1.8}{Liniowa zmiana kata}{section.3.1}% 23
\BOOKMARK [2][-]{subsection.3.1.9}{Jazda prosta}{section.3.1}% 24
\BOOKMARK [1][-]{section.3.2}{Kinematyka Odwrotna}{chapter.3}% 25
\BOOKMARK [2][-]{subsection.3.2.1}{Jazda po okregu w prawo}{section.3.2}% 26
\BOOKMARK [2][-]{subsection.3.2.2}{Jazda po okregu w lewo}{section.3.2}% 27
\BOOKMARK [2][-]{subsection.3.2.3}{Jazda po sinusoidzie}{section.3.2}% 28
\BOOKMARK [2][-]{subsection.3.2.4}{Jazda po spirali]}{section.3.2}% 29
\BOOKMARK [2][-]{subsection.3.2.5}{Jazda po elipsie}{section.3.2}% 30
\BOOKMARK [2][-]{subsection.3.2.6}{Krzywa Lissajous o niewielkiej r\363znicy wsp\363\233czynnik\363w}{section.3.2}% 31
\BOOKMARK [2][-]{subsection.3.2.7}{Krzywa Lissajous o wsp\363\233czynnikach o stosunku 2}{section.3.2}% 32
\BOOKMARK [2][-]{subsection.3.2.8}{Jazda po krzywej losowej}{section.3.2}% 33
\BOOKMARK [0][-]{chapter.4}{Zakonczenie}{}% 34
